[    0.000000] Linux version 4.15.0-55-generic (buildd@lcy01-amd64-029) (gcc version 7.4.0 (Ubuntu 7.4.0-1ubuntu1~18.04.1)) #60-Ubuntu SMP Tue Jul 2 18:22:20 UTC 2019 (Ubuntu 4.15.0-55.60-generic 4.15.18)
[    0.000000] Command line: BOOT_IMAGE=/boot/vmlinuz-4.15.0-55-generic root=LABEL=cloudimg-rootfs ro console=tty1 console=ttyS0
[    0.000000] KERNEL supported cpus:
[    0.000000]   Intel GenuineIntel
[    0.000000]   AMD AuthenticAMD
[    0.000000]   Centaur CentaurHauls
[    0.000000] x86/fpu: Supporting XSAVE feature 0x001: 'x87 floating point registers'
[    0.000000] x86/fpu: Supporting XSAVE feature 0x002: 'SSE registers'
[    0.000000] x86/fpu: Supporting XSAVE feature 0x004: 'AVX registers'
[    0.000000] x86/fpu: xstate_offset[2]:  576, xstate_sizes[2]:  256
[    0.000000] x86/fpu: Enabled xstate features 0x7, context size is 832 bytes, using 'standard' format.
[    0.000000] e820: BIOS-provided physical RAM map:
[    0.000000] BIOS-e820: [mem 0x0000000000000000-0x000000000009fbff] usable
[    0.000000] BIOS-e820: [mem 0x000000000009fc00-0x000000000009ffff] reserved
[    0.000000] BIOS-e820: [mem 0x00000000000f0000-0x00000000000fffff] reserved
[    0.000000] BIOS-e820: [mem 0x0000000000100000-0x000000003ffeffff] usable
[    0.000000] BIOS-e820: [mem 0x000000003fff0000-0x000000003fffffff] ACPI data
[    0.000000] BIOS-e820: [mem 0x00000000fec00000-0x00000000fec00fff] reserved
[    0.000000] BIOS-e820: [mem 0x00000000fee00000-0x00000000fee00fff] reserved
[    0.000000] BIOS-e820: [mem 0x00000000fffc0000-0x00000000ffffffff] reserved
[    0.000000] NX (Execute Disable) protection: active
[    0.000000] SMBIOS 2.5 present.
[    0.000000] DMI: innotek GmbH VirtualBox/VirtualBox, BIOS VirtualBox 12/01/2006
[    0.000000] Hypervisor detected: KVM
[    0.000000] e820: last_pfn = 0x3fff0 max_arch_pfn = 0x400000000
[    0.000000] MTRR: Disabled
[    0.000000] x86/PAT: MTRRs disabled, skipping PAT initialization too.
[    0.000000] CPU MTRRs all blank - virtualized system.
[    0.000000] x86/PAT: Configuration [0-7]: WB  WT  UC- UC  WB  WT  UC- UC  
[    0.000000] found SMP MP-table at [mem 0x0009fff0-0x0009ffff] mapped at [        (ptrval)]
[    0.000000] Scanning 1 areas for low memory corruption
[    0.000000] RAMDISK: [mem 0x35981000-0x36cb7fff]
[    0.000000] ACPI: Early table checksum verification disabled
[    0.000000] ACPI: RSDP 0x00000000000E0000 000024 (v02 VBOX  )
[    0.000000] ACPI: XSDT 0x000000003FFF0030 00003C (v01 VBOX   VBOXXSDT 00000001 ASL  00000061)
[    0.000000] ACPI: FACP 0x000000003FFF00F0 0000F4 (v04 VBOX   VBOXFACP 00000001 ASL  00000061)
[    0.000000] ACPI: DSDT 0x000000003FFF0470 0022EA (v02 VBOX   VBOXBIOS 00000002 INTL 20100528)
[    0.000000] ACPI: FACS 0x000000003FFF0200 000040
[    0.000000] ACPI: FACS 0x000000003FFF0200 000040
[    0.000000] ACPI: APIC 0x000000003FFF0240 00005C (v02 VBOX   VBOXAPIC 00000001 ASL  00000061)
[    0.000000] ACPI: SSDT 0x000000003FFF02A0 0001CC (v01 VBOX   VBOXCPUT 00000002 INTL 20100528)
[    0.000000] No NUMA configuration found
[    0.000000] Faking a node at [mem 0x0000000000000000-0x000000003ffeffff]
[    0.000000] NODE_DATA(0) allocated [mem 0x3ffc5000-0x3ffeffff]
[    0.000000] kvm-clock: cpu 0, msr 0:3ff44001, primary cpu clock
[    0.000000] kvm-clock: Using msrs 4b564d01 and 4b564d00
[    0.000000] kvm-clock: using sched offset of 4405790704 cycles
[    0.000000] clocksource: kvm-clock: mask: 0xffffffffffffffff max_cycles: 0x1cd42e4dffb, max_idle_ns: 881590591483 ns
[    0.000000] Zone ranges:
[    0.000000]   DMA      [mem 0x0000000000001000-0x0000000000ffffff]
[    0.000000]   DMA32    [mem 0x0000000001000000-0x000000003ffeffff]
[    0.000000]   Normal   empty
[    0.000000]   Device   empty
[    0.000000] Movable zone start for each node
[    0.000000] Early memory node ranges
[    0.000000]   node   0: [mem 0x0000000000001000-0x000000000009efff]
[    0.000000]   node   0: [mem 0x0000000000100000-0x000000003ffeffff]
[    0.000000] Reserved but unavailable: 114 pages
[    0.000000] Initmem setup node 0 [mem 0x0000000000001000-0x000000003ffeffff]
[    0.000000] ACPI: PM-Timer IO Port: 0x4008
[    0.000000] IOAPIC[0]: apic_id 2, version 32, address 0xfec00000, GSI 0-23
[    0.000000] ACPI: INT_SRC_OVR (bus 0 bus_irq 0 global_irq 2 dfl dfl)
[    0.000000] ACPI: INT_SRC_OVR (bus 0 bus_irq 9 global_irq 9 low level)
[    0.000000] Using ACPI (MADT) for SMP configuration information
[    0.000000] smpboot: Allowing 2 CPUs, 0 hotplug CPUs
[    0.000000] PM: Registered nosave memory: [mem 0x00000000-0x00000fff]
[    0.000000] PM: Registered nosave memory: [mem 0x0009f000-0x0009ffff]
[    0.000000] PM: Registered nosave memory: [mem 0x000a0000-0x000effff]
[    0.000000] PM: Registered nosave memory: [mem 0x000f0000-0x000fffff]
[    0.000000] e820: [mem 0x40000000-0xfebfffff] available for PCI devices
[    0.000000] Booting paravirtualized kernel on KVM
[    0.000000] clocksource: refined-jiffies: mask: 0xffffffff max_cycles: 0xffffffff, max_idle_ns: 7645519600211568 ns
[    0.000000] random: get_random_bytes called from start_kernel+0x99/0x4fd with crng_init=0
[    0.000000] setup_percpu: NR_CPUS:8192 nr_cpumask_bits:2 nr_cpu_ids:2 nr_node_ids:1
[    0.000000] percpu: Embedded 46 pages/cpu @        (ptrval) s151552 r8192 d28672 u1048576
[    0.000000] PV qspinlock hash table entries: 256 (order: 0, 4096 bytes)
[    0.000000] Built 1 zonelists, mobility grouping on.  Total pages: 257913
[    0.000000] Policy zone: DMA32
[    0.000000] Kernel command line: BOOT_IMAGE=/boot/vmlinuz-4.15.0-55-generic root=LABEL=cloudimg-rootfs ro console=tty1 console=ttyS0
[    0.000000] Memory: 982908K/1048120K available (12300K kernel code, 2473K rwdata, 4276K rodata, 2408K init, 2416K bss, 65212K reserved, 0K cma-reserved)
[    0.000000] SLUB: HWalign=64, Order=0-3, MinObjects=0, CPUs=2, Nodes=1
[    0.000000] Kernel/User page tables isolation: enabled
[    0.000000] ftrace: allocating 39219 entries in 154 pages
[    0.004000] Hierarchical RCU implementation.
[    0.004000] 	RCU restricting CPUs from NR_CPUS=8192 to nr_cpu_ids=2.
[    0.004000] 	Tasks RCU enabled.
[    0.004000] RCU: Adjusting geometry for rcu_fanout_leaf=16, nr_cpu_ids=2
[    0.004000] NR_IRQS: 524544, nr_irqs: 440, preallocated irqs: 16
[    0.004000] Console: colour VGA+ 80x25
[    0.004000] console [tty1] enabled
[    0.004000] console [ttyS0] enabled
[    0.004000] ACPI: Core revision 20170831
[    0.004000] ACPI: 2 ACPI AML tables successfully acquired and loaded
[    0.004000] APIC: Switch to symmetric I/O mode setup
[    0.004000] x2apic enabled
[    0.004000] Switched APIC routing to physical x2apic.
[    0.004455] ..TIMER: vector=0x30 apic1=0 pin1=2 apic2=-1 pin2=-1
[    0.008002] tsc: Detected 2903.998 MHz processor
[    0.008922] Calibrating delay loop (skipped) preset value.. 5807.99 BogoMIPS (lpj=11615992)
[    0.012003] pid_max: default: 32768 minimum: 301
[    0.012959] Security Framework initialized
[    0.013787] Yama: becoming mindful.
[    0.014526] AppArmor: AppArmor initialized
[    0.017542] Dentry cache hash table entries: 131072 (order: 8, 1048576 bytes)
[    0.019021] Inode-cache hash table entries: 65536 (order: 7, 524288 bytes)
[    0.020013] Mount-cache hash table entries: 2048 (order: 2, 16384 bytes)
[    0.021615] Mountpoint-cache hash table entries: 2048 (order: 2, 16384 bytes)
[    0.023424] mce: CPU supports 0 MCE banks
[    0.024017] Last level iTLB entries: 4KB 64, 2MB 8, 4MB 8
[    0.025191] Last level dTLB entries: 4KB 64, 2MB 0, 4MB 0, 1GB 4
[    0.026397] Spectre V2 : Mitigation: Full generic retpoline
[    0.028001] Spectre V2 : Spectre v2 / SpectreRSB mitigation: Filling RSB on context switch
[    0.029615] Speculative Store Bypass: Vulnerable
[    0.030585] MDS: Mitigation: Clear CPU buffers
[    0.032085] Freeing SMP alternatives memory: 36K
[    0.036000] smpboot: CPU0: Intel(R) Core(TM) i5-6267U CPU @ 2.90GHz (family: 0x6, model: 0x4e, stepping: 0x3)
[    0.036000] Performance Events: unsupported p6 CPU model 78 no PMU driver, software events only.
[    0.036046] Hierarchical SRCU implementation.
[    0.037803] NMI watchdog: Perf event create on CPU 0 failed with -2
[    0.040006] NMI watchdog: Perf NMI watchdog permanently disabled
[    0.041619] smp: Bringing up secondary CPUs ...
[    0.042986] x86: Booting SMP configuration:
[    0.044006] .... node  #0, CPUs:      #1
[    0.004000] kvm-clock: cpu 1, msr 0:3ff44041, secondary cpu clock
[    0.004000] mce: CPU supports 0 MCE banks
[    0.051615] smp: Brought up 1 node, 2 CPUs
[    0.052008] smpboot: Max logical packages: 1
[    0.053705] smpboot: Total of 2 processors activated (11615.99 BogoMIPS)
[    0.056289] devtmpfs: initialized
[    0.057250] x86/mm: Memory block size: 128MB
[    0.060239] evm: security.selinux
[    0.061512] evm: security.SMACK64
[    0.062692] evm: security.SMACK64EXEC
[    0.064004] evm: security.SMACK64TRANSMUTE
[    0.065405] evm: security.SMACK64MMAP
[    0.066718] evm: security.apparmor
[    0.068004] evm: security.ima
[    0.069078] evm: security.capability
[    0.070516] clocksource: jiffies: mask: 0xffffffff max_cycles: 0xffffffff, max_idle_ns: 7645041785100000 ns
[    0.072026] futex hash table entries: 512 (order: 3, 32768 bytes)
[    0.076218] pinctrl core: initialized pinctrl subsystem
[    0.080284] RTC time: 12:35:47, date: 10/10/19
[    0.084119] NET: Registered protocol family 16
[    0.085887] audit: initializing netlink subsys (disabled)
[    0.087868] audit: type=2000 audit(1570710953.866:1): state=initialized audit_enabled=0 res=1
[    0.088113] cpuidle: using governor ladder
[    0.092015] cpuidle: using governor menu
[    0.093600] ACPI: bus type PCI registered
[    0.096006] acpiphp: ACPI Hot Plug PCI Controller Driver version: 0.5
[    0.098433] PCI: Using configuration type 1 for base access
[    0.101751] HugeTLB registered 2.00 MiB page size, pre-allocated 0 pages
[    0.104181] ACPI: Added _OSI(Module Device)
[    0.105650] ACPI: Added _OSI(Processor Device)
[    0.108005] ACPI: Added _OSI(3.0 _SCP Extensions)
[    0.109588] ACPI: Added _OSI(Processor Aggregator Device)
[    0.112007] ACPI: Added _OSI(Linux-Dell-Video)
[    0.113608] ACPI: Added _OSI(Linux-Lenovo-NV-HDMI-Audio)
[    0.116008] ACPI: Added _OSI(Linux-HPI-Hybrid-Graphics)
[    0.117453] ACPI: Executed 1 blocks of module-level executable AML code
[    0.122745] ACPI: Interpreter enabled
[    0.123578] ACPI: (supports S0 S5)
[    0.124005] ACPI: Using IOAPIC for interrupt routing
[    0.125325] PCI: Using host bridge windows from ACPI; if necessary, use "pci=nocrs" and report a bug
[    0.128228] ACPI: Enabled 2 GPEs in block 00 to 07
[    0.136794] ACPI: PCI Root Bridge [PCI0] (domain 0000 [bus 00-ff])
[    0.138145] acpi PNP0A03:00: _OSC: OS supports [ASPM ClockPM Segments MSI]
[    0.140289] acpi PNP0A03:00: _OSC: not requesting OS control; OS requires [ExtendedConfig ASPM ClockPM MSI]
[    0.142402] acpi PNP0A03:00: fail to add MMCONFIG information, can't access extended PCI configuration space under this bridge.
[    0.144465] PCI host bridge to bus 0000:00
[    0.145302] pci_bus 0000:00: root bus resource [io  0x0000-0x0cf7 window]
[    0.148006] pci_bus 0000:00: root bus resource [io  0x0d00-0xffff window]
[    0.149339] pci_bus 0000:00: root bus resource [mem 0x000a0000-0x000bffff window]
[    0.151267] pci_bus 0000:00: root bus resource [mem 0x40000000-0xfdffffff window]
[    0.152004] pci_bus 0000:00: root bus resource [bus 00-ff]
[    0.157067] pci 0000:00:01.1: legacy IDE quirk: reg 0x10: [io  0x01f0-0x01f7]
[    0.158587] pci 0000:00:01.1: legacy IDE quirk: reg 0x14: [io  0x03f6]
[    0.160003] pci 0000:00:01.1: legacy IDE quirk: reg 0x18: [io  0x0170-0x0177]
[    0.162007] pci 0000:00:01.1: legacy IDE quirk: reg 0x1c: [io  0x0376]
[    0.180727] pci 0000:00:07.0: quirk: [io  0x4000-0x403f] claimed by PIIX4 ACPI
[    0.182962] pci 0000:00:07.0: quirk: [io  0x4100-0x410f] claimed by PIIX4 SMB
[    0.195481] ACPI: PCI Interrupt Link [LNKA] (IRQs 5 9 10 *11)
[    0.196312] ACPI: PCI Interrupt Link [LNKB] (IRQs 5 9 *10 11)
[    0.197954] ACPI: PCI Interrupt Link [LNKC] (IRQs 5 *9 10 11)
[    0.200139] ACPI: PCI Interrupt Link [LNKD] (IRQs 5 9 10 *11)
[    0.201999] SCSI subsystem initialized
[    0.203075] pci 0000:00:02.0: vgaarb: setting as boot VGA device
[    0.203075] pci 0000:00:02.0: vgaarb: VGA device added: decodes=io+mem,owns=io+mem,locks=none
[    0.204016] pci 0000:00:02.0: vgaarb: bridge control possible
[    0.205867] vgaarb: loaded
[    0.208054] ACPI: bus type USB registered
[    0.208929] usbcore: registered new interface driver usbfs
[    0.210047] usbcore: registered new interface driver hub
[    0.212026] usbcore: registered new device driver usb
[    0.213133] EDAC MC: Ver: 3.0.0
[    0.213133] PCI: Using ACPI for IRQ routing
[    0.216385] NetLabel: Initializing
[    0.217304] NetLabel:  domain hash size = 128
[    0.218443] NetLabel:  protocols = UNLABELED CIPSOv4 CALIPSO
[    0.220018] NetLabel:  unlabeled traffic allowed by default
[    0.221460] clocksource: Switched to clocksource kvm-clock
[    0.235116] VFS: Disk quotas dquot_6.6.0
[    0.236310] VFS: Dquot-cache hash table entries: 512 (order 0, 4096 bytes)
[    0.238251] AppArmor: AppArmor Filesystem Enabled
[    0.239229] pnp: PnP ACPI init
[    0.241282] pnp: PnP ACPI: found 3 devices
[    0.250932] clocksource: acpi_pm: mask: 0xffffff max_cycles: 0xffffff, max_idle_ns: 2085701024 ns
[    0.253314] NET: Registered protocol family 2
[    0.256091] TCP established hash table entries: 8192 (order: 4, 65536 bytes)
[    0.257528] TCP bind hash table entries: 8192 (order: 5, 131072 bytes)
[    0.258822] TCP: Hash tables configured (established 8192 bind 8192)
[    0.260048] UDP hash table entries: 512 (order: 2, 16384 bytes)
[    0.261301] UDP-Lite hash table entries: 512 (order: 2, 16384 bytes)
[    0.262578] NET: Registered protocol family 1
[    0.263470] pci 0000:00:00.0: Limiting direct PCI/PCI transfers
[    0.264698] pci 0000:00:01.0: Activating ISA DMA hang workarounds
[    0.265964] pci 0000:00:02.0: Video device with shadowed ROM at [mem 0x000c0000-0x000dffff]
[    0.267808] Unpacking initramfs...
[    0.567300] Freeing initrd memory: 19676K
[    0.568719] clocksource: tsc: mask: 0xffffffffffffffff max_cycles: 0x29dc03c1beb, max_idle_ns: 440795205215 ns
[    0.570691] platform rtc_cmos: registered platform RTC device (no PNP device found)
[    0.572258] Scanning for low memory corruption every 60 seconds
[    0.574175] Initialise system trusted keyrings
[    0.575356] Key type blacklist registered
[    0.576281] workingset: timestamp_bits=36 max_order=18 bucket_order=0
[    0.578537] zbud: loaded
[    0.579564] squashfs: version 4.0 (2009/01/31) Phillip Lougher
[    0.580939] fuse init (API version 7.26)
[    0.584600] Key type asymmetric registered
[    0.585444] Asymmetric key parser 'x509' registered
[    0.586449] Block layer SCSI generic (bsg) driver version 0.4 loaded (major 246)
[    0.587985] io scheduler noop registered
[    0.588826] io scheduler deadline registered
[    0.589715] io scheduler cfq registered (default)
[    0.591206] ACPI: AC Adapter [AC] (off-line)
[    0.592695] input: Power Button as /devices/LNXSYSTM:00/LNXPWRBN:00/input/input0
[    0.594229] ACPI: Power Button [PWRF]
[    0.595062] input: Sleep Button as /devices/LNXSYSTM:00/LNXSLPBN:00/input/input1
[    0.596618] ACPI: Sleep Button [SLPF]
[    0.598942] ACPI: Battery Slot [BAT0] (battery present)
[    0.600535] Serial: 8250/16550 driver, 32 ports, IRQ sharing enabled
[    0.622916] 00:02: ttyS0 at I/O 0x3f8 (irq = 4, base_baud = 115200) is a 16550A
[    0.631638] Linux agpgart interface v0.103
[    0.634109] loop: module loaded
[    0.635361] scsi host0: ata_piix
[    0.636398] scsi host1: ata_piix
[    0.637099] ata1: PATA max UDMA/33 cmd 0x1f0 ctl 0x3f6 bmdma 0xd000 irq 14
[    0.638427] ata2: PATA max UDMA/33 cmd 0x170 ctl 0x376 bmdma 0xd008 irq 15
[    0.640448] libphy: Fixed MDIO Bus: probed
[    0.641284] tun: Universal TUN/TAP device driver, 1.6
[    0.642362] PPP generic driver version 2.4.2
[    0.643331] ehci_hcd: USB 2.0 'Enhanced' Host Controller (EHCI) Driver
[    0.645078] ehci-pci: EHCI PCI platform driver
[    0.645994] ehci-platform: EHCI generic platform driver
[    0.647039] ohci_hcd: USB 1.1 'Open' Host Controller (OHCI) Driver
[    0.648246] ohci-pci: OHCI PCI platform driver
[    0.649238] ohci-platform: OHCI generic platform driver
[    0.650633] uhci_hcd: USB Universal Host Controller Interface driver
[    0.652659] i8042: PNP: PS/2 Controller [PNP0303:PS2K,PNP0f03:PS2M] at 0x60,0x64 irq 1,12
[    0.654941] serio: i8042 KBD port at 0x60,0x64 irq 1
[    0.655959] serio: i8042 AUX port at 0x60,0x64 irq 12
[    0.657173] mousedev: PS/2 mouse device common for all mice
[    0.658906] input: AT Translated Set 2 keyboard as /devices/platform/i8042/serio0/input/input2
[    0.660883] rtc_cmos rtc_cmos: rtc core: registered rtc_cmos as rtc0
[    0.662182] rtc_cmos rtc_cmos: alarms up to one day, 114 bytes nvram
[    0.663981] i2c /dev entries driver
[    0.664832] device-mapper: uevent: version 1.0.3
[    0.665864] device-mapper: ioctl: 4.37.0-ioctl (2017-09-20) initialised: dm-devel@redhat.com
[    0.667577] ledtrig-cpu: registered to indicate activity on CPUs
[    0.669136] NET: Registered protocol family 10
[    0.673930] Segment Routing with IPv6
[    0.674891] NET: Registered protocol family 17
[    0.675875] Key type dns_resolver registered
[    0.677011] RAS: Correctable Errors collector initialized.
[    0.678347] sched_clock: Marking stable (676974948, 0)->(949465628, -272490680)
[    0.680970] registered taskstats version 1
[    0.682160] Loading compiled-in X.509 certificates
[    0.685560] Loaded X.509 cert 'Build time autogenerated kernel key: 2ed9c0a78927f1fed24db33f01fd983502d97350'
[    0.687517] zswap: loaded using pool lzo/zbud
[    0.692266] Key type big_key registered
[    0.693660] Key type trusted registered
[    0.696119] Key type encrypted registered
[    0.696948] AppArmor: AppArmor sha1 policy hashing enabled
[    0.698054] ima: No TPM chip found, activating TPM-bypass! (rc=-19)
[    0.699317] ima: Allocated hash algorithm: sha1
[    0.700280] evm: HMAC attrs: 0x1
[    0.701288]   Magic number: 7:78:582
[    0.702145] rtc_cmos rtc_cmos: setting system clock to 2019-10-10 12:35:48 UTC (1570710948)
[    0.704097] BIOS EDD facility v0.16 2004-Jun-25, 0 devices found
[    0.705805] EDD information not available.
[    0.804628] Freeing unused kernel image memory: 2408K
[    0.816405] Write protecting the kernel read-only data: 20480k
[    0.821381] Freeing unused kernel image memory: 2008K
[    0.824114] Freeing unused kernel image memory: 1868K
[    0.831901] x86/mm: Checked W+X mappings: passed, no W+X pages found.
[    0.834046] x86/mm: Checking user space page tables
[    0.840602] x86/mm: Checked W+X mappings: passed, no W+X pages found.
Loading, please wait...
starting version 237
[    0.914223] e1000: Intel(R) PRO/1000 Network Driver - version 7.3.21-k8-NAPI
[    0.915704] e1000: Copyright (c) 1999-2006 Intel Corporation.
[    0.924863] Fusion MPT base driver 3.04.20
[    0.925992] Copyright (c) 1999-2008 LSI Corporation
[    0.938051] vboxvideo: loading out-of-tree module taints kernel.
[    0.940280] Fusion MPT SPI Host driver 3.04.20
[    0.940365] vboxvideo: module verification failed: signature and/or required key missing - tainting kernel
[    0.950238] AVX2 version of gcm_enc/dec engaged.
[    0.951513] AES CTR mode by8 optimization enabled
[    1.158374] input: ImExPS/2 Generic Explorer Mouse as /devices/platform/i8042/serio1/input/input4
[    1.608268] e1000 0000:00:03.0 eth0: (PCI:33MHz:32-bit) 02:f6:70:42:12:5d
[    1.610408] e1000 0000:00:03.0 eth0: Intel(R) PRO/1000 Network Connection
[    2.290007] e1000 0000:00:08.0 eth1: (PCI:33MHz:32-bit) 08:00:27:5b:8b:dd
[    2.292683] e1000 0000:00:08.0 eth1: Intel(R) PRO/1000 Network Connection
[    2.297364] [drm] VRAM 01000000
[    2.298070] e1000 0000:00:08.0 enp0s8: renamed from eth1
[    2.301597] [TTM] Zone  kernel: Available graphics memory: 504452 kiB
[    2.304814] [TTM] Initializing pool allocator
[    2.306940] [TTM] Initializing DMA pool allocator
[    2.311285] fbcon: vboxdrmfb (fb0) is primary device
[    2.314014] Console: switching to colour frame buffer device 100x37
[    2.315031] e1000 0000:00:03.0 enp0s3: renamed from eth0
[    2.320234] vboxvideo 0000:00:02.0: fb0: vboxdrmfb frame buffer device
[    2.344178] [drm] Initialized vboxvideo 1.0.0 20130823 for 0000:00:02.0 on minor 0
[    2.348045] mptbase: ioc0: Initiating bringup
[    2.449798] ioc0: LSI53C1030 A0: Capabilities={Initiator}
[    2.695507] scsi host2: ioc0: LSI53C1030 A0, FwRev=00000000h, Ports=1, MaxQ=256, IRQ=20
[    2.865142] scsi 2:0:0:0: Direct-Access     VBOX     HARDDISK         1.0  PQ: 0 ANSI: 5
[    2.896326] scsi target2:0:0: Beginning Domain Validation
[    2.900879] scsi target2:0:0: Domain Validation skipping write tests
[    2.902448] scsi target2:0:0: Ending Domain Validation
[    2.903492] scsi target2:0:0: asynchronous
[    2.904753] random: fast init done
[    2.905857] scsi 2:0:1:0: Direct-Access     VBOX     HARDDISK         1.0  PQ: 0 ANSI: 5
[    2.936349] scsi target2:0:1: Beginning Domain Validation
[    2.942357] scsi target2:0:1: Domain Validation skipping write tests
[    2.943849] scsi target2:0:1: Ending Domain Validation
[    2.945200] scsi target2:0:1: asynchronous
[    2.950539] random: systemd-udevd: uninitialized urandom read (16 bytes read)
[    2.950761] sd 2:0:0:0: Attached scsi generic sg0 type 0
[    2.950906] sd 2:0:0:0: [sda] 20971520 512-byte logical blocks: (10.7 GB/10.0 GiB)
[    2.950991] sd 2:0:0:0: [sda] Write Protect is off
[    2.951164] sd 2:0:0:0: [sda] Incomplete mode parameter data
[    2.951165] sd 2:0:0:0: [sda] Assuming drive cache: write through
[    2.951846] sd 2:0:1:0: [sdb] 20480 512-byte logical blocks: (10.5 MB/10.0 MiB)
[    2.951940] sd 2:0:1:0: [sdb] Write Protect is off
[    2.952023] sd 2:0:1:0: [sdb] Incomplete mode parameter data
[    2.952024] sd 2:0:1:0: [sdb] Assuming drive cache: write through
[    2.952705] sd 2:0:1:0: Attached scsi generic sg1 type 0
[    2.954046]  sda: sda1
[    2.954789] sd 2:0:0:0: [sda] Attached SCSI disk
[    2.955067] sd 2:0:1:0: [sdb] Attached SCSI disk
[    2.972083] random: systemd-udevd: uninitialized urandom read (16 bytes read)
[    2.974096] random: systemd-udevd: uninitialized urandom read (16 bytes read)
Begin: Loading essential drivers ... [    3.112202] raid6: sse2x1   gen() 10705 MB/s
[    3.162973] raid6: sse2x1   xor()  8292 MB/s
[    3.212032] raid6: sse2x2   gen() 13157 MB/s
[    3.262667] raid6: sse2x2   xor()  9721 MB/s
[    3.312945] raid6: sse2x4   gen() 16005 MB/s
[    3.360206] raid6: sse2x4   xor() 10045 MB/s
[    3.408356] raid6: avx2x1   gen() 16476 MB/s
[    3.456064] raid6: avx2x1   xor()  8490 MB/s
[    3.512400] raid6: avx2x2   gen() 31325 MB/s
[    3.560675] raid6: avx2x2   xor() 16738 MB/s
[    3.608612] raid6: avx2x4   gen() 31557 MB/s
[    3.656206] raid6: avx2x4   xor() 18658 MB/s
[    3.657579] raid6: using algorithm avx2x4 gen() 31557 MB/s
[    3.658690] raid6: .... xor() 18658 MB/s, rmw enabled
[    3.659774] raid6: using avx2x2 recovery algorithm
[    3.662093] xor: automatically using best checksumming function   avx       
[    3.665134] async_tx: api initialized (async)
done.
Begin: Running /scripts/init-premount ... done.
Begin: Mounting root file system ... Begin: Running /scripts/local-top ... done.
Begin: Running /scripts/local-premount ... [    3.710374] Btrfs loaded, crc32c=crc32c-intel
Scanning for Btrfs filesystems
done.
Warning: fsck not present, so skipping root file system
[    3.766340] EXT4-fs (sda1): mounted filesystem with ordered data mode. Opts: (null)
done.
Begin: Running /scripts/local-bottom ... done.
Begin: Running /scripts/init-bottom ... done.
[    4.153086] ip_tables: (C) 2000-2006 Netfilter Core Team
[    4.192188] systemd[1]: systemd 237 running in system mode. (+PAM +AUDIT +SELINUX +IMA +APPARMOR +SMACK +SYSVINIT +UTMP +LIBCRYPTSETUP +GCRYPT +GNUTLS +ACL +XZ +LZ4 +SECCOMP +BLKID +ELFUTILS +KMOD -IDN2 +IDN -PCRE2 default-hierarchy=hybrid)
[    4.198350] systemd[1]: Detected virtualization oracle.
[    4.199790] systemd[1]: Detected architecture x86-64.

Welcome to [1mUbuntu 18.04.3 LTS[0m!

[    4.222191] systemd[1]: Set hostname to <ubuntu-bionic>.
[    4.634044] systemd[1]: Reached target User and Group Name Lookups.
[[0;32m  OK  [0m] Reached target User and Group Name Lookups.
[    4.636547] systemd[1]: Reached target System Time Synchronized.
[[0;32m  OK  [0m] Reached target System Time Synchronized.
[    4.638783] systemd[1]: Reached target Swap.
[[0;32m  OK  [0m] Reached target Swap.
[    4.642914] systemd[1]: Created slice System Slice.
[[0;32m  OK  [0m] Created slice System Slice.
[    4.645105] systemd[1]: Created slice system-serial\x2dgetty.slice.
[[0;32m  OK  [0m] Created slice system-serial\x2dgetty.slice.
[    4.647466] systemd[1]: Listening on udev Kernel Socket.
[[0;32m  OK  [0m] Listening on udev Kernel Socket.
[[0;32m  OK  [0m] Listening on udev Control Socket.
[[0;32m  OK  [0m] Listening on Journal Audit Socket.
[[0;32m  OK  [0m] Listening on Syslog Socket.
[[0;32m  OK  [0m] Listening on Device-mapper event daemon FIFOs.
[[0;32m  OK  [0m] Started Forward Password Requests to Wall Directory Watch.
[[0;32m  OK  [0m] Listening on Journal Socket.
         Starting Load Kernel Modules...
         Mounting Huge Pages File System...
         Starting Create list of required st…ce nodes for the current kernel...
[[0;32m  OK  [0m] Created slice User and Session Slice.
[    4.689462] Loading iSCSI transport class v2.0-870.
[[0;32m  OK  [0m] Reached target Slices.
[    4.703108] iscsi: registered transport (tcp)
         Starting udev Coldplug all Devices...
[[0;32m  OK  [0m] Listening on Network Service Netlink Socket.
         Starting Remount Root and Kernel File Systems...
[[0;32m  OK  [0m] Listening on LVM2 metadata daemon socket.
[[0;32m  OK  [0m] Listening on LVM2 poll daemon socket.
[[0;32m  OK  [0m] Set up automount Arbitrary Executab…rmats File System Automount Point.
         Starting Set the console keyboard layout...
[[0;32m  OK  [0m] Listening on /dev/initctl Compatibility Named Pipe.
[[0;32m  OK  [0m] Listening on Journal Socket (/dev/log).
         Mounting Kernel Debug File System...
         Starting Uncomplicated firewall...
         Starting Monitoring of LVM2 mirrors…ng dmeventd or progress polling...
         Starting Journal Service...
         Mounting POSIX Message Queue File System...
[[0;32m  OK  [0m] Mounted Huge Pages File System.
[[0;32m  OK  [0m] Started Create list of required sta…vice nodes for the current kernel.
[[0;32m  OK  [0m] Mounted Kernel Debug File System.
[[0;32m  OK  [0m] Mounted POSIX Message Queue File System.
         Starting Create Static Device Nodes in /dev...
[    4.802961] EXT4-fs (sda1): re-mounted. Opts: (null)
[[0;32m  OK  [0m] Started Remount Root and Kernel File Systems.
         Starting Load/Save Random Seed...
[    4.910730] iscsi: registered transport (iser)
[[0;32m  OK  [0m] Started Journal Service.
[[0;32m  OK  [0m] Started Load Kernel Modules.
[[0;32m  OK  [0m] Started Uncomplicated firewall.
[[0;32m  OK  [0m] Started udev Coldplug all Devices.
[[0;32m  OK  [0m] Started Load/Save Random Seed.
[[0;32m  OK  [0m] Started Create Static Device Nodes in /dev.
         Starting udev Kernel Device Manager...
         Starting Apply Kernel Variables...
         Mounting Kernel Configuration File System...
         Mounting FUSE Control File System...
         Starting Flush Journal to Persistent Storage...
[[0;32m  OK  [0m] Mounted Kernel Configuration File System.
[[0;32m  OK  [0m] Mounted FUSE Control File System.
[[0;32m  OK  [0m] Started Set the console keyboard layout.
[[0;32m  OK  [0m] Started LVM2 metadata daemon.
[[0;32m  OK  [0m] Started udev Kernel Device Manager.
[[0;32m  OK  [0m] Started Dispatch Password Requests to Console Directory Watch.
[[0;32m  OK  [0m] Reached target Local Encrypted Volumes.
[[0;32m  OK  [0m] Started Apply Kernel Variables.
[[0;32m  OK  [0m] Started Monitoring of LVM2 mirrors,…sing dmeventd or progress polling.
[[0;32m  OK  [0m] Reached target Local File Systems (Pre).
[[0;32m  OK  [0m] Reached target Local File Systems.
         Starting ebtables ruleset management...
         Starting Set console font and keymap...
         Starting AppArmor initialization...
         Starting Tell Plymouth To Write Out Runtime Data...
[[0;32m  OK  [0m] Started Set console font and keymap.
[[0;32m  OK  [0m] Started Tell Plymouth To Write Out Runtime Data.
[[0;32m  OK  [0m] Found device /dev/ttyS0.
[[0;32m  OK  [0m] Started Flush Journal to Persistent Storage.
         Starting Create Volatile Files and Directories...
[[0;32m  OK  [0m] Listening on Load/Save RF Kill Switch Status /dev/rfkill Watch.
[[0;32m  OK  [0m] Started Create Volatile Files and Directories.
         Starting Update UTMP about System Boot/Shutdown...
[[0;32m  OK  [0m] Started Update UTMP about System Boot/Shutdown.
[[0;32m  OK  [0m] Started ebtables ruleset management.
[[0;32m  OK  [0m] Started AppArmor initialization.
         Starting Initial cloud-init job (pre-networking)...
[    8.265394] cloud-init[540]: Cloud-init v. 19.1-1-gbaa47854-0ubuntu1~18.04.1 running 'init-local' at Thu, 10 Oct 2019 12:35:55 +0000. Up 8.04 seconds.
[[0;32m  OK  [0m] Started Initial cloud-init job (pre-networking).
[[0;32m  OK  [0m] Reached target Network (Pre).
         Starting Network Service...
[[0;32m  OK  [0m] Started Network Service.
         Starting Network Name Resolution...
         Starting Wait for Network to be Configured...
[[0;32m  OK  [0m] Started Network Name Resolution.
[[0;32m  OK  [0m] Reached target Network.
[[0;32m  OK  [0m] Reached target Host and Network Name Lookups.
[[0;32m  OK  [0m] Started Wait for Network to be Configured.
         Starting Initial cloud-init job (metadata service crawler)...
[   10.675679] cloud-init[701]: Cloud-init v. 19.1-1-gbaa47854-0ubuntu1~18.04.1 running 'init' at Thu, 10 Oct 2019 12:35:58 +0000. Up 10.53 seconds.
[   10.677910] cloud-init[701]: ci-info: ++++++++++++++++++++++++++++++++++++++Net device info+++++++++++++++++++++++++++++++++++++++
[   10.680037] cloud-init[701]: ci-info: +--------+------+-----------------------------+---------------+--------+-------------------+
[   10.692369] cloud-init[701]: ci-info: | Device |  Up  |           Address           |      Mask     | Scope  |     Hw-Address    |
[   10.704254] cloud-init[701]: ci-info: +--------+------+-----------------------------+---------------+--------+-------------------+
[   10.707496] cloud-init[701]: ci-info: | enp0s3 | True |          10.0.2.15          | 255.255.255.0 | global | 02:f6:70:42:12:5d |
[   10.709690] cloud-init[701]: ci-info: | enp0s3 | True |  fe80::f6:70ff:fe42:125d/64 |       .       |  link  | 02:f6:70:42:12:5d |
[   10.711887] cloud-init[701]: ci-info: | enp0s8 | True |        192.168.33.10        | 255.255.255.0 | global | 08:00:27:5b:8b:dd |
[   10.724978] cloud-init[701]: ci-info: | enp0s8 | True | fe80::a00:27ff:fe5b:8bdd/64 |       .       |  link  | 08:00:27:5b:8b:dd |
[   10.727535] cloud-init[701]: ci-info: |   lo   | True |          127.0.0.1          |   255.0.0.0   |  host  |         .         |
[   10.729263] cloud-init[701]: ci-info: |   lo   | True |           ::1/128           |       .       |  host  |         .         |
[   10.730837] cloud-init[701]: ci-info: +--------+------+-----------------------------+---------------+--------+-------------------+
[   10.732583] cloud-init[701]: ci-info: +++++++++++++++++++++++++++++Route IPv4 info+++++++++++++++++++++++++++++
[   10.734064] cloud-init[701]: ci-info: +-------+--------------+----------+-----------------+-----------+-------+
[   10.735640] cloud-init[701]: ci-info: | Route | Destination  | Gateway  |     Genmask     | Interface | Flags |
[   10.737418] cloud-init[701]: ci-info: +-------+--------------+----------+-----------------+-----------+-------+
[   10.739248] cloud-init[701]: ci-info: |   0   |   0.0.0.0    | 10.0.2.2 |     0.0.0.0     |   enp0s3  |   UG  |
[   10.741069] cloud-init[701]: ci-info: |   1   |   10.0.2.0   | 0.0.0.0  |  255.255.255.0  |   enp0s3  |   U   |
[   10.742871] cloud-init[701]: ci-info: |   2   |   10.0.2.2   | 0.0.0.0  | 255.255.255.255 |   enp0s3  |   UH  |
[   10.744558] cloud-init[701]: ci-info: |   3   | 192.168.33.0 | 0.0.0.0  |  255.255.255.0  |   enp0s8  |   U   |
[   10.746091] cloud-init[701]: ci-info: +-------+--------------+----------+-----------------+-----------+-------+
[   10.747621] cloud-init[701]: ci-info: +++++++++++++++++++Route IPv6 info+++++++++++++++++++
[   10.748829] cloud-init[701]: ci-info: +-------+-------------+---------+-----------+-------+
[   10.749720] cloud-init[701]: ci-info: | Route | Destination | Gateway | Interface | Flags |
[   10.750615] cloud-init[701]: ci-info: +-------+-------------+---------+-----------+-------+
[   10.751752] cloud-init[701]: ci-info: |   1   |  fe80::/64  |    ::   |   enp0s8  |   U   |
[   10.753232] cloud-init[701]: ci-info: |   2   |  fe80::/64  |    ::   |   enp0s3  |   U   |
[   10.754802] cloud-init[701]: ci-info: |   4   |    local    |    ::   |   enp0s3  |   U   |
[   10.756200] cloud-init[701]: ci-info: |   5   |    local    |    ::   |   enp0s8  |   U   |
[   10.757569] cloud-init[701]: ci-info: |   6   |   ff00::/8  |    ::   |   enp0s8  |   U   |
[   10.758924] cloud-init[701]: ci-info: |   7   |   ff00::/8  |    ::   |   enp0s3  |   U   |
[   10.760316] cloud-init[701]: ci-info: +-------+-------------+---------+-----------+-------+
[[0;32m  OK  [0m] Started Initial cloud-init job (metadata service crawler).
[[0;32m  OK  [0m] Reached target System Initialization.
[[0;32m  OK  [0m] Listening on D-Bus System Message Bus Socket.
[[0;32m  OK  [0m] Started Discard unused blocks once a week.
[[0;32m  OK  [0m] Started Daily Cleanup of Temporary Directories.
         Starting Socket activation for snappy daemon.
         Starting LXD - unix socket.
[[0;32m  OK  [0m] Started Message of the Day.
[[0;32m  OK  [0m] Started ACPI Events Check.
[[0;32m  OK  [0m] Reached target Paths.
[[0;32m  OK  [0m] Listening on Open-iSCSI iscsid Socket.
[[0;32m  OK  [0m] Listening on UUID daemon activation socket.
[[0;32m  OK  [0m] Listening on ACPID Listen Socket.
[[0;32m  OK  [0m] Started Daily apt download activities.
[[0;32m  OK  [0m] Started Daily apt upgrade and clean activities.
[[0;32m  OK  [0m] Reached target Timers.
[[0;32m  OK  [0m] Reached target Cloud-config availability.
[[0;32m  OK  [0m] Reached target Network is Online.
[[0;32m  OK  [0m] Reached target Remote File Systems (Pre).
[[0;32m  OK  [0m] Reached target Remote File Systems.
         Starting Availability of block devices...
[[0;32m  OK  [0m] Listening on Socket activation for snappy daemon.
[[0;32m  OK  [0m] Listening on LXD - unix socket.
[[0;32m  OK  [0m] Reached target Sockets.
[[0;32m  OK  [0m] Reached target Basic System.
         Starting LSB: automatic crash report generation...
[[0;32m  OK  [0m] Started Regular background program processing daemon.
         Starting OpenBSD Secure Shell server...
         Starting vboxadd.service...
         Starting Login Service...
[[0;32m  OK  [0m] Started irqbalance daemon.
         Starting System Logging Service...
[[0;32m  OK  [0m] Started Deferred execution scheduler.
[[0;32m  OK  [0m] Started D-Bus System Message Bus.
[[0;32m  OK  [0m] Started Login Service.
[[0;32m  OK  [0m] Started Unattended Upgrades Shutdown.
         Starting LXD - container startup/shutdown...
[[0;32m  OK  [0m] Started FUSE filesystem for LXC.
         Starting LSB: Record successful boot for GRUB...
         Starting Permit User Sessions...
         Starting Dispatcher daemon for systemd-networkd...
         Starting Accounts Service...
         Starting Snappy daemon...
[[0;32m  OK  [0m] Started System Logging Service.
[[0;32m  OK  [0m] Started Availability of block devices.
[[0;32m  OK  [0m] Started Permit User Sessions.
         Starting Terminate Plymouth Boot Screen...
         Starting Hold until boot process finishes up...
[[0;32m  OK  [0m] Started Hold until boot process finishes up.
[[0;32m  OK  [0m] Started Serial Getty on ttyS0.
         Starting Set console scheme...
[[0;32m  OK  [0m] Started Terminate Plymouth Boot Screen.
[[0;32m  OK  [0m] Started OpenBSD Secure Shell server.
[[0;32m  OK  [0m] Started Set console scheme.
[[0;32m  OK  [0m] Created slice system-getty.slice.
[[0;32m  OK  [0m] Started Getty on tty1.
[[0;32m  OK  [0m] Reached target Login Prompts.
         Starting Authorization Manager...
[[0;32m  OK  [0m] Started LSB: Record successful boot for GRUB.
[[0;32m  OK  [0m] Started LSB: automatic crash report generation.
[[0;32m  OK  [0m] Started Authorization Manager.
[[0;32m  OK  [0m] Started Accounts Service.
[[0;32m  OK  [0m] Created slice User Slice of vagrant.
         Starting User Manager for UID 1000...
[[0;32m  OK  [0m] Started Session 1 of user vagrant.
[[0;32m  OK  [0m] Started Snappy daemon.
         Starting Wait until snapd is fully seeded...
[[0;32m  OK  [0m] Started Wait until snapd is fully seeded.
         Starting Apply the settings specified in cloud-config...
[[0;32m  OK  [0m] Started LXD - container startup/shutdown.
[[0;32m  OK  [0m] Started User Manager for UID 1000.
[[0;32m  OK  [0m] Started Dispatcher daemon for systemd-networkd.
[   13.878033] cloud-init[1135]: Cloud-init v. 19.1-1-gbaa47854-0ubuntu1~18.04.1 running 'modules:config' at Thu, 10 Oct 2019 12:36:01 +0000. Up 13.66 seconds.
[[0;32m  OK  [0m] Started Apply the settings specified in cloud-config.

Ubuntu 18.04.3 LTS ubuntu-bionic ttyS0

ubuntu-bionic login: [   17.967604] cloud-init[1392]: Cloud-init v. 19.1-1-gbaa47854-0ubuntu1~18.04.1 running 'modules:final' at Thu, 10 Oct 2019 12:36:05 +0000. Up 17.80 seconds.
[   17.971088] cloud-init[1392]: Cloud-init v. 19.1-1-gbaa47854-0ubuntu1~18.04.1 finished at Thu, 10 Oct 2019 12:36:05 +0000. Datasource DataSourceNoCloud [seed=/dev/sdb][dsmode=net].  Up 17.96 seconds
[[0;32m  OK  [0m] Closed Load/Save RF Kill Switch Status /dev/rfkill Watch.
[[0;32m  OK  [0m] Stopped target Cloud-init target.
         Stopping Authorization Manager...
[[0;32m  OK  [0m] Stopped target Graphical Interface.
         Stopping Session 5 of user vagrant.
         Stopping Availability of block devices...
[[0;32m  OK  [0m] Stopped target Host and Network Name Lookups.
         Stopping Accounts Service...
[[0;32m  OK  [0m] Stopped Execute cloud user/final scripts.
[[0;32m  OK  [0m] Stopped target Multi-User System.
         Stopping OpenBSD Secure Shell server...
         Stopping LSB: automatic crash report generation...
         Stopping Dispatcher daemon for systemd-networkd...
         Stopping Regular background program processing daemon...
[[0;32m  OK  [0m] Stopped target Login Prompts.
         Stopping Serial Getty on ttyS0...
         Stopping Getty on tty1...
         Stopping D-Bus System Message Bus...
         Stopping LXD - container startup/shutdown...
         Stopping Unattended Upgrades Shutdown...
         Stopping irqbalance daemon...
         Stopping vboxadd-service.service...
[[0;32m  OK  [0m] Stopped Apply the settings specified in cloud-config.
[[0;32m  OK  [0m] Stopped Wait until snapd is fully seeded.
[[0;32m  OK  [0m] Stopped target Network is Online.
[[0;32m  OK  [0m] Stopped target Cloud-config availability.
         Stopping User Manager for UID 1000...
         Stopping System Logging Service...
         Stopping LSB: Record successful boot for GRUB...
         Stopping Deferred execution scheduler...
         Stopping FUSE filesystem for LXC...
[[0;32m  OK  [0m] Stopped target Timers.
[[0;32m  OK  [0m] Stopped Daily apt upgrade and clean activities.
[[0;32m  OK  [0m] Stopped Daily apt download activities.
[[0;32m  OK  [0m] Stopped Daily Cleanup of Temporary Directories.
[[0;32m  OK  [0m] Stopped Discard unused blocks once a week.
[[0;32m  OK  [0m] Stopped Message of the Day.
[[0;32m  OK  [0m] Stopped target System Time Synchronized.
[[0;32m  OK  [0m] Unmounted /var/lib/lxcfs.
[[0;32m  OK  [0m] Stopped Regular background program processing daemon.
[[0;32m  OK  [0m] Stopped irqbalance daemon.
[[0;32m  OK  [0m] Stopped System Logging Service.
[[0;32m  OK  [0m] Stopped Deferred execution scheduler.
[[0;32m  OK  [0m] Stopped Unattended Upgrades Shutdown.
[[0;32m  OK  [0m] Stopped Dispatcher daemon for systemd-networkd.
[[0;32m  OK  [0m] Stopped Accounts Service.
[[0;32m  OK  [0m] Stopped Serial Getty on ttyS0.
[[0;32m  OK  [0m] Stopped OpenBSD Secure Shell server.
[[0;32m  OK  [0m] Stopped Getty on tty1.
[[0;32m  OK  [0m] Stopped Authorization Manager.
[[0;32m  OK  [0m] Stopped User Manager for UID 1000.
[[0;32m  OK  [0m] Stopped D-Bus System Message Bus.
[[0;32m  OK  [0m] Stopped FUSE filesystem for LXC.
[[0;32m  OK  [0m] Stopped Session 5 of user vagrant.
[[0;32m  OK  [0m] Stopped Availability of block devices.
[[0;32m  OK  [0m] Stopped vboxadd-service.service.
         Stopping vboxadd.service...
[[0;32m  OK  [0m] Removed slice User Slice of vagrant.
[[0;32m  OK  [0m] Removed slice system-getty.slice.
         Stopping Permit User Sessions...
[[0;32m  OK  [0m] Removed slice system-serial\x2dgetty.slice.
         Stopping Login Service...
[[0;32m  OK  [0m] Stopped LXD - container startup/shutdown.
[[0;32m  OK  [0m] Stopped LSB: Record successful boot for GRUB.
[[0;32m  OK  [0m] Stopped Permit User Sessions.
[[0;32m  OK  [0m] Stopped LSB: automatic crash report generation.
[[0;32m  OK  [0m] Stopped target Remote File Systems.
[[0;32m  OK  [0m] Stopped target Remote File Systems (Pre).
[[0;32m  OK  [0m] Stopped target Network.
         Stopping Network Name Resolution...
[[0;32m  OK  [0m] Unmounted /vagrant.
[[0;32m  OK  [0m] Stopped vboxadd.service.
[[0;32m  OK  [0m] Stopped Network Name Resolution.
         Stopping Network Service...
[[0;32m  OK  [0m] Stopped Login Service.
[[0;32m  OK  [0m] Stopped target Basic System.
[[0;32m  OK  [0m] Stopped target Slices.
[[0;32m  OK  [0m] Removed slice User and Session Slice.
[[0;32m  OK  [0m] Stopped target Sockets.
[[0;32m  OK  [0m] Closed ACPID Listen Socket.
[[0;32m  OK  [0m] Closed LXD - unix socket.
[[0;32m  OK  [0m] Closed Socket activation for snappy daemon.
[[0;32m  OK  [0m] Closed UUID daemon activation socket.
[[0;32m  OK  [0m] Closed Open-iSCSI iscsid Socket.
[[0;32m  OK  [0m] Closed Syslog Socket.
[[0;32m  OK  [0m] Closed D-Bus System Message Bus Socket.
[[0;32m  OK  [0m] Stopped target Paths.
[[0;32m  OK  [0m] Stopped ACPI Events Check.
[[0;32m  OK  [0m] Stopped target System Initialization.
[[0;32m  OK  [0m] Stopped target Local Encrypted Volumes.
         Stopping Load/Save Random Seed...
[[0;32m  OK  [0m] Stopped Initial cloud-init job (metadata service crawler).
         Stopping Update UTMP about System Boot/Shutdown...
[[0;32m  OK  [0m] Stopped Forward Password Requests to Wall Directory Watch.
[[0;32m  OK  [0m] Stopped Dispatch Password Requests to Console Directory Watch.
[[0;32m  OK  [0m] Stopped target User and Group Name Lookups.
[[0;32m  OK  [0m] Stopped Network Service.
[[0;32m  OK  [0m] Stopped Load/Save Random Seed.
[[0;32m  OK  [0m] Stopped target Network (Pre).
[[0;32m  OK  [0m] Stopped Initial cloud-init job (pre-networking).
[[0;32m  OK  [0m] Stopped Apply Kernel Variables.
[[0;32m  OK  [0m] Stopped Load Kernel Modules.
[[0;32m  OK  [0m] Stopped Update UTMP about System Boot/Shutdown.
[[0;32m  OK  [0m] Stopped Create Volatile Files and Directories.
[[0;32m  OK  [0m] Stopped target Local File Systems.
         Unmounting /run/user/1000...
[[0;32m  OK  [0m] Unmounted /run/user/1000.
[[0;32m  OK  [0m] Reached target Unmount All Filesystems.
[[0;32m  OK  [0m] Stopped target Local File Systems (Pre).
[[0;32m  OK  [0m] Stopped Remount Root and Kernel File Systems.
         Stopping Monitoring of LVM2 mirrors…ng dmeventd or progress polling...
[[0;32m  OK  [0m] Stopped Create Static Device Nodes in /dev.
[[0;32m  OK  [0m] Stopped target Swap.
[[0;32m  OK  [0m] Reached target Shutdown.
[[0;32m  OK  [0m] Reached target Final Step.
         Starting Power-Off...
[[0;32m  OK  [0m] Stopped Monitoring of LVM2 mirrors,…sing dmeventd or progress polling.
         Stopping LVM2 metadata daemon...
[[0;32m  OK  [0m] Stopped LVM2 metadata daemon.
[  343.229555] reboot: Power down
